<?xml version="1.0" encoding="UTF-8"?>
<!-- Generated by org.testng.reporters.JUnitReportReporter -->
<testsuite hostname="LUK-5CG90578G5" failures="0" tests="4" name="DDGoogleSearch.DDGoogleSearch.gSearchTest1" time="44.581" errors="0" timestamp="2019-09-17T10:35:08 BST" skipped="0">
  <testcase classname="DDGoogleSearch.DDGoogleSearch.gSearchTest1" name="gSearchChrome" time="12.750"/>
  <testcase classname="DDGoogleSearch.DDGoogleSearch.gSearchTest1" name="gSearchChrome" time="11.345"/>
  <testcase classname="DDGoogleSearch.DDGoogleSearch.gSearchTest1" name="gSearchFireFox" time="10.504"/>
  <testcase classname="DDGoogleSearch.DDGoogleSearch.gSearchTest1" name="gSearchFireFox" time="9.982"/>
</testsuite> <!-- DDGoogleSearch.DDGoogleSearch.gSearchTest1 -->
